{"C:\\Users\\shava\\favorite-movies\\backend\\src\\controllers\\adminController.js": {"path":"C:\\Users\\shava\\favorite-movies\\backend\\src\\controllers\\adminController.js","statementMap":{"0":{"start":{"line":1,"column":24},"end":{"line":1,"column":44}},"1":{"start":{"line":4,"column":0},"end":{"line":11,"column":2}},"2":{"start":{"line":5,"column":2},"end":{"line":10,"column":3}},"3":{"start":{"line":6,"column":19},"end":{"line":6,"column":70}},"4":{"start":{"line":7,"column":4},"end":{"line":7,"column":21}},"5":{"start":{"line":9,"column":4},"end":{"line":9,"column":49}},"6":{"start":{"line":14,"column":0},"end":{"line":27,"column":2}},"7":{"start":{"line":15,"column":2},"end":{"line":26,"column":3}},"8":{"start":{"line":16,"column":19},"end":{"line":16,"column":29}},"9":{"start":{"line":17,"column":18},"end":{"line":17,"column":42}},"10":{"start":{"line":18,"column":4},"end":{"line":18,"column":74}},"11":{"start":{"line":18,"column":16},"end":{"line":18,"column":74}},"12":{"start":{"line":20,"column":4},"end":{"line":20,"column":26}},"13":{"start":{"line":21,"column":4},"end":{"line":21,"column":23}},"14":{"start":{"line":23,"column":4},"end":{"line":23,"column":64}},"15":{"start":{"line":25,"column":4},"end":{"line":25,"column":49}},"16":{"start":{"line":30,"column":0},"end":{"line":38,"column":2}},"17":{"start":{"line":31,"column":2},"end":{"line":37,"column":3}},"18":{"start":{"line":32,"column":18},"end":{"line":32,"column":85}},"19":{"start":{"line":33,"column":4},"end":{"line":33,"column":20}},"20":{"start":{"line":35,"column":4},"end":{"line":35,"column":23}},"21":{"start":{"line":36,"column":4},"end":{"line":36,"column":49}}},"fnMap":{"0":{"name":"(anonymous_0)","decl":{"start":{"line":4,"column":27},"end":{"line":4,"column":28}},"loc":{"start":{"line":4,"column":47},"end":{"line":11,"column":1}},"line":4},"1":{"name":"(anonymous_1)","decl":{"start":{"line":14,"column":23},"end":{"line":14,"column":24}},"loc":{"start":{"line":14,"column":43},"end":{"line":27,"column":1}},"line":14},"2":{"name":"(anonymous_2)","decl":{"start":{"line":30,"column":19},"end":{"line":30,"column":20}},"loc":{"start":{"line":30,"column":39},"end":{"line":38,"column":1}},"line":30}},"branchMap":{"0":{"loc":{"start":{"line":18,"column":4},"end":{"line":18,"column":74}},"type":"if","locations":[{"start":{"line":18,"column":4},"end":{"line":18,"column":74}},{"start":{},"end":{}}],"line":18}},"s":{"0":1,"1":1,"2":2,"3":2,"4":1,"5":1,"6":1,"7":3,"8":3,"9":3,"10":2,"11":1,"12":1,"13":1,"14":1,"15":1,"16":1,"17":2,"18":2,"19":1,"20":1,"21":1},"f":{"0":2,"1":3,"2":2},"b":{"0":[1,1]},"_coverageSchema":"1a1c01bbd47fc00a2c39e90264f33305004495a9","hash":"c9eb14491e7b59ee3afa6034dbc5a2ce4c25cc8d"}
,"C:\\Users\\shava\\favorite-movies\\backend\\src\\controllers\\authController.js": {"path":"C:\\Users\\shava\\favorite-movies\\backend\\src\\controllers\\authController.js","statementMap":{"0":{"start":{"line":1,"column":15},"end":{"line":1,"column":32}},"1":{"start":{"line":2,"column":12},"end":{"line":2,"column":35}},"2":{"start":{"line":3,"column":17},"end":{"line":3,"column":37}},"3":{"start":{"line":4,"column":0},"end":{"line":4,"column":27}},"4":{"start":{"line":5,"column":0},"end":{"line":24,"column":2}},"5":{"start":{"line":6,"column":2},"end":{"line":23,"column":3}},"6":{"start":{"line":7,"column":38},"end":{"line":7,"column":46}},"7":{"start":{"line":10,"column":27},"end":{"line":10,"column":58}},"8":{"start":{"line":13,"column":17},"end":{"line":18,"column":6}},"9":{"start":{"line":20,"column":4},"end":{"line":20,"column":76}},"10":{"start":{"line":22,"column":4},"end":{"line":22,"column":49}},"11":{"start":{"line":26,"column":0},"end":{"line":58,"column":2}},"12":{"start":{"line":27,"column":2},"end":{"line":57,"column":3}},"13":{"start":{"line":28,"column":32},"end":{"line":28,"column":40}},"14":{"start":{"line":31,"column":17},"end":{"line":31,"column":57}},"15":{"start":{"line":32,"column":4},"end":{"line":32,"column":72}},"16":{"start":{"line":32,"column":15},"end":{"line":32,"column":72}},"17":{"start":{"line":35,"column":20},"end":{"line":35,"column":65}},"18":{"start":{"line":36,"column":4},"end":{"line":36,"column":80}},"19":{"start":{"line":36,"column":18},"end":{"line":36,"column":80}},"20":{"start":{"line":39,"column":18},"end":{"line":43,"column":5}},"21":{"start":{"line":46,"column":4},"end":{"line":51,"column":7}},"22":{"start":{"line":54,"column":4},"end":{"line":54,"column":105}},"23":{"start":{"line":56,"column":4},"end":{"line":56,"column":49}},"24":{"start":{"line":59,"column":0},"end":{"line":62,"column":2}},"25":{"start":{"line":60,"column":2},"end":{"line":60,"column":27}},"26":{"start":{"line":61,"column":2},"end":{"line":61,"column":51}},"27":{"start":{"line":63,"column":1},"end":{"line":75,"column":2}},"28":{"start":{"line":64,"column":16},"end":{"line":64,"column":33}},"29":{"start":{"line":66,"column":2},"end":{"line":66,"column":94}},"30":{"start":{"line":66,"column":14},"end":{"line":66,"column":94}},"31":{"start":{"line":68,"column":2},"end":{"line":74,"column":3}},"32":{"start":{"line":69,"column":20},"end":{"line":69,"column":61}},"33":{"start":{"line":70,"column":4},"end":{"line":71,"column":43}},"34":{"start":{"line":73,"column":4},"end":{"line":73,"column":62}}},"fnMap":{"0":{"name":"(anonymous_0)","decl":{"start":{"line":5,"column":19},"end":{"line":5,"column":20}},"loc":{"start":{"line":5,"column":39},"end":{"line":24,"column":1}},"line":5},"1":{"name":"(anonymous_1)","decl":{"start":{"line":26,"column":16},"end":{"line":26,"column":17}},"loc":{"start":{"line":26,"column":36},"end":{"line":58,"column":1}},"line":26},"2":{"name":"(anonymous_2)","decl":{"start":{"line":59,"column":17},"end":{"line":59,"column":18}},"loc":{"start":{"line":59,"column":31},"end":{"line":62,"column":1}},"line":59},"3":{"name":"(anonymous_3)","decl":{"start":{"line":63,"column":19},"end":{"line":63,"column":20}},"loc":{"start":{"line":63,"column":33},"end":{"line":75,"column":1}},"line":63}},"branchMap":{"0":{"loc":{"start":{"line":32,"column":4},"end":{"line":32,"column":72}},"type":"if","locations":[{"start":{"line":32,"column":4},"end":{"line":32,"column":72}},{"start":{},"end":{}}],"line":32},"1":{"loc":{"start":{"line":36,"column":4},"end":{"line":36,"column":80}},"type":"if","locations":[{"start":{"line":36,"column":4},"end":{"line":36,"column":80}},{"start":{},"end":{}}],"line":36},"2":{"loc":{"start":{"line":66,"column":2},"end":{"line":66,"column":94}},"type":"if","locations":[{"start":{"line":66,"column":2},"end":{"line":66,"column":94}},{"start":{},"end":{}}],"line":66}},"s":{"0":1,"1":1,"2":1,"3":1,"4":1,"5":2,"6":2,"7":2,"8":2,"9":1,"10":1,"11":1,"12":3,"13":3,"14":3,"15":3,"16":1,"17":2,"18":2,"19":1,"20":1,"21":1,"22":1,"23":0,"24":1,"25":1,"26":1,"27":1,"28":3,"29":3,"30":1,"31":2,"32":2,"33":1,"34":1},"f":{"0":2,"1":3,"2":1,"3":3},"b":{"0":[1,2],"1":[1,1],"2":[1,2]},"_coverageSchema":"1a1c01bbd47fc00a2c39e90264f33305004495a9","hash":"75b34592f7af4123a6541bcce64f49c6477f64bd"}
,"C:\\Users\\shava\\favorite-movies\\backend\\src\\controllers\\movieController.js": {"path":"C:\\Users\\shava\\favorite-movies\\backend\\src\\controllers\\movieController.js","statementMap":{"0":{"start":{"line":2,"column":15},"end":{"line":2,"column":35}},"1":{"start":{"line":3,"column":20},"end":{"line":3,"column":60}},"2":{"start":{"line":4,"column":18},"end":{"line":4,"column":38}},"3":{"start":{"line":10,"column":0},"end":{"line":43,"column":2}},"4":{"start":{"line":11,"column":2},"end":{"line":42,"column":3}},"5":{"start":{"line":12,"column":72},"end":{"line":12,"column":106}},"6":{"start":{"line":13,"column":19},"end":{"line":13,"column":30}},"7":{"start":{"line":14,"column":4},"end":{"line":14,"column":26}},"8":{"start":{"line":18,"column":22},"end":{"line":18,"column":57}},"9":{"start":{"line":20,"column":18},"end":{"line":33,"column":6}},"10":{"start":{"line":35,"column":4},"end":{"line":38,"column":7}},"11":{"start":{"line":40,"column":4},"end":{"line":40,"column":22}},"12":{"start":{"line":41,"column":4},"end":{"line":41,"column":49}},"13":{"start":{"line":51,"column":0},"end":{"line":115,"column":2}},"14":{"start":{"line":52,"column":2},"end":{"line":114,"column":3}},"15":{"start":{"line":62,"column":8},"end":{"line":62,"column":17}},"16":{"start":{"line":64,"column":19},"end":{"line":64,"column":37}},"17":{"start":{"line":65,"column":18},"end":{"line":65,"column":20}},"18":{"start":{"line":68,"column":4},"end":{"line":70,"column":5}},"19":{"start":{"line":69,"column":6},"end":{"line":69,"column":49}},"20":{"start":{"line":73,"column":4},"end":{"line":73,"column":32}},"21":{"start":{"line":73,"column":14},"end":{"line":73,"column":32}},"22":{"start":{"line":76,"column":4},"end":{"line":76,"column":40}},"23":{"start":{"line":76,"column":14},"end":{"line":76,"column":40}},"24":{"start":{"line":79,"column":4},"end":{"line":83,"column":5}},"25":{"start":{"line":80,"column":6},"end":{"line":80,"column":22}},"26":{"start":{"line":81,"column":6},"end":{"line":81,"column":58}},"27":{"start":{"line":81,"column":20},"end":{"line":81,"column":58}},"28":{"start":{"line":82,"column":6},"end":{"line":82,"column":58}},"29":{"start":{"line":82,"column":20},"end":{"line":82,"column":58}},"30":{"start":{"line":86,"column":6},"end":{"line":90,"column":8}},"31":{"start":{"line":94,"column":16},"end":{"line":94,"column":39}},"32":{"start":{"line":95,"column":4},"end":{"line":98,"column":5}},"33":{"start":{"line":96,"column":27},"end":{"line":96,"column":42}},"34":{"start":{"line":97,"column":6},"end":{"line":97,"column":71}},"35":{"start":{"line":100,"column":28},"end":{"line":105,"column":6}},"36":{"start":{"line":107,"column":4},"end":{"line":110,"column":7}},"37":{"start":{"line":112,"column":4},"end":{"line":112,"column":44}},"38":{"start":{"line":113,"column":4},"end":{"line":113,"column":49}},"39":{"start":{"line":120,"column":0},"end":{"line":152,"column":2}},"40":{"start":{"line":121,"column":2},"end":{"line":151,"column":3}},"41":{"start":{"line":122,"column":18},"end":{"line":122,"column":53}},"42":{"start":{"line":123,"column":4},"end":{"line":123,"column":82}},"43":{"start":{"line":123,"column":30},"end":{"line":123,"column":82}},"44":{"start":{"line":125,"column":10},"end":{"line":129,"column":3}},"45":{"start":{"line":126,"column":4},"end":{"line":128,"column":5}},"46":{"start":{"line":127,"column":6},"end":{"line":127,"column":58}},"47":{"start":{"line":131,"column":72},"end":{"line":131,"column":80}},"48":{"start":{"line":132,"column":4},"end":{"line":132,"column":68}},"49":{"start":{"line":132,"column":18},"end":{"line":132,"column":68}},"50":{"start":{"line":134,"column":4},"end":{"line":145,"column":7}},"51":{"start":{"line":147,"column":4},"end":{"line":147,"column":72}},"52":{"start":{"line":149,"column":4},"end":{"line":149,"column":23}},"53":{"start":{"line":150,"column":4},"end":{"line":150,"column":49}},"54":{"start":{"line":158,"column":0},"end":{"line":175,"column":2}},"55":{"start":{"line":159,"column":2},"end":{"line":174,"column":3}},"56":{"start":{"line":160,"column":18},"end":{"line":160,"column":53}},"57":{"start":{"line":161,"column":4},"end":{"line":161,"column":84}},"58":{"start":{"line":161,"column":32},"end":{"line":161,"column":84}},"59":{"start":{"line":162,"column":0},"end":{"line":166,"column":3}},"60":{"start":{"line":163,"column":4},"end":{"line":165,"column":5}},"61":{"start":{"line":164,"column":6},"end":{"line":164,"column":58}},"62":{"start":{"line":167,"column":4},"end":{"line":167,"column":25}},"63":{"start":{"line":168,"column":4},"end":{"line":168,"column":33}},"64":{"start":{"line":169,"column":4},"end":{"line":169,"column":23}},"65":{"start":{"line":170,"column":4},"end":{"line":170,"column":56}},"66":{"start":{"line":172,"column":4},"end":{"line":172,"column":23}},"67":{"start":{"line":173,"column":4},"end":{"line":173,"column":49}},"68":{"start":{"line":177,"column":0},"end":{"line":200,"column":2}},"69":{"start":{"line":178,"column":2},"end":{"line":199,"column":3}},"70":{"start":{"line":179,"column":20},"end":{"line":179,"column":33}},"71":{"start":{"line":180,"column":23},"end":{"line":180,"column":31}},"72":{"start":{"line":182,"column":4},"end":{"line":184,"column":5}},"73":{"start":{"line":183,"column":6},"end":{"line":183,"column":63}},"74":{"start":{"line":186,"column":18},"end":{"line":186,"column":47}},"75":{"start":{"line":187,"column":4},"end":{"line":187,"column":89}},"76":{"start":{"line":187,"column":31},"end":{"line":187,"column":89}},"77":{"start":{"line":189,"column":4},"end":{"line":189,"column":26}},"78":{"start":{"line":190,"column":4},"end":{"line":190,"column":23}},"79":{"start":{"line":192,"column":4},"end":{"line":195,"column":7}},"80":{"start":{"line":197,"column":4},"end":{"line":197,"column":23}},"81":{"start":{"line":198,"column":4},"end":{"line":198,"column":49}},"82":{"start":{"line":201,"column":0},"end":{"line":230,"column":2}},"83":{"start":{"line":202,"column":2},"end":{"line":229,"column":3}},"84":{"start":{"line":203,"column":51},"end":{"line":203,"column":60}},"85":{"start":{"line":204,"column":19},"end":{"line":204,"column":37}},"86":{"start":{"line":207,"column":18},"end":{"line":210,"column":5}},"87":{"start":{"line":212,"column":4},"end":{"line":212,"column":32}},"88":{"start":{"line":212,"column":14},"end":{"line":212,"column":32}},"89":{"start":{"line":213,"column":4},"end":{"line":213,"column":60}},"90":{"start":{"line":213,"column":16},"end":{"line":213,"column":60}},"91":{"start":{"line":215,"column":28},"end":{"line":220,"column":6}},"92":{"start":{"line":222,"column":4},"end":{"line":225,"column":7}},"93":{"start":{"line":227,"column":4},"end":{"line":227,"column":23}},"94":{"start":{"line":228,"column":4},"end":{"line":228,"column":49}},"95":{"start":{"line":232,"column":0},"end":{"line":261,"column":2}},"96":{"start":{"line":233,"column":2},"end":{"line":260,"column":3}},"97":{"start":{"line":234,"column":51},"end":{"line":234,"column":60}},"98":{"start":{"line":235,"column":19},"end":{"line":235,"column":37}},"99":{"start":{"line":238,"column":18},"end":{"line":241,"column":5}},"100":{"start":{"line":243,"column":4},"end":{"line":243,"column":32}},"101":{"start":{"line":243,"column":14},"end":{"line":243,"column":32}},"102":{"start":{"line":244,"column":4},"end":{"line":244,"column":60}},"103":{"start":{"line":244,"column":16},"end":{"line":244,"column":60}},"104":{"start":{"line":246,"column":28},"end":{"line":251,"column":6}},"105":{"start":{"line":253,"column":4},"end":{"line":256,"column":7}},"106":{"start":{"line":258,"column":4},"end":{"line":258,"column":23}},"107":{"start":{"line":259,"column":4},"end":{"line":259,"column":49}}},"fnMap":{"0":{"name":"(anonymous_0)","decl":{"start":{"line":10,"column":22},"end":{"line":10,"column":23}},"loc":{"start":{"line":10,"column":42},"end":{"line":43,"column":1}},"line":10},"1":{"name":"(anonymous_1)","decl":{"start":{"line":51,"column":19},"end":{"line":51,"column":20}},"loc":{"start":{"line":51,"column":39},"end":{"line":115,"column":1}},"line":51},"2":{"name":"(anonymous_2)","decl":{"start":{"line":120,"column":22},"end":{"line":120,"column":23}},"loc":{"start":{"line":120,"column":42},"end":{"line":152,"column":1}},"line":120},"3":{"name":"(anonymous_3)","decl":{"start":{"line":158,"column":22},"end":{"line":158,"column":23}},"loc":{"start":{"line":158,"column":42},"end":{"line":175,"column":1}},"line":158},"4":{"name":"(anonymous_4)","decl":{"start":{"line":177,"column":28},"end":{"line":177,"column":29}},"loc":{"start":{"line":177,"column":48},"end":{"line":200,"column":1}},"line":177},"5":{"name":"(anonymous_5)","decl":{"start":{"line":201,"column":22},"end":{"line":201,"column":23}},"loc":{"start":{"line":201,"column":42},"end":{"line":230,"column":1}},"line":201},"6":{"name":"(anonymous_6)","decl":{"start":{"line":232,"column":23},"end":{"line":232,"column":24}},"loc":{"start":{"line":232,"column":43},"end":{"line":261,"column":1}},"line":232}},"branchMap":{"0":{"loc":{"start":{"line":18,"column":22},"end":{"line":18,"column":57}},"type":"cond-expr","locations":[{"start":{"line":18,"column":33},"end":{"line":18,"column":50}},{"start":{"line":18,"column":53},"end":{"line":18,"column":57}}],"line":18},"1":{"loc":{"start":{"line":54,"column":6},"end":{"line":54,"column":14}},"type":"default-arg","locations":[{"start":{"line":54,"column":13},"end":{"line":54,"column":14}}],"line":54},"2":{"loc":{"start":{"line":55,"column":6},"end":{"line":55,"column":16}},"type":"default-arg","locations":[{"start":{"line":55,"column":14},"end":{"line":55,"column":16}}],"line":55},"3":{"loc":{"start":{"line":68,"column":4},"end":{"line":70,"column":5}},"type":"if","locations":[{"start":{"line":68,"column":4},"end":{"line":70,"column":5}},{"start":{},"end":{}}],"line":68},"4":{"loc":{"start":{"line":73,"column":4},"end":{"line":73,"column":32}},"type":"if","locations":[{"start":{"line":73,"column":4},"end":{"line":73,"column":32}},{"start":{},"end":{}}],"line":73},"5":{"loc":{"start":{"line":76,"column":4},"end":{"line":76,"column":40}},"type":"if","locations":[{"start":{"line":76,"column":4},"end":{"line":76,"column":40}},{"start":{},"end":{}}],"line":76},"6":{"loc":{"start":{"line":79,"column":4},"end":{"line":83,"column":5}},"type":"if","locations":[{"start":{"line":79,"column":4},"end":{"line":83,"column":5}},{"start":{},"end":{}}],"line":79},"7":{"loc":{"start":{"line":79,"column":8},"end":{"line":79,"column":28}},"type":"binary-expr","locations":[{"start":{"line":79,"column":8},"end":{"line":79,"column":16}},{"start":{"line":79,"column":20},"end":{"line":79,"column":28}}],"line":79},"8":{"loc":{"start":{"line":81,"column":6},"end":{"line":81,"column":58}},"type":"if","locations":[{"start":{"line":81,"column":6},"end":{"line":81,"column":58}},{"start":{},"end":{}}],"line":81},"9":{"loc":{"start":{"line":82,"column":6},"end":{"line":82,"column":58}},"type":"if","locations":[{"start":{"line":82,"column":6},"end":{"line":82,"column":58}},{"start":{},"end":{}}],"line":82},"10":{"loc":{"start":{"line":95,"column":4},"end":{"line":98,"column":5}},"type":"if","locations":[{"start":{"line":95,"column":4},"end":{"line":98,"column":5}},{"start":{},"end":{}}],"line":95},"11":{"loc":{"start":{"line":97,"column":23},"end":{"line":97,"column":68}},"type":"cond-expr","locations":[{"start":{"line":97,"column":54},"end":{"line":97,"column":59}},{"start":{"line":97,"column":62},"end":{"line":97,"column":68}}],"line":97},"12":{"loc":{"start":{"line":123,"column":4},"end":{"line":123,"column":82}},"type":"if","locations":[{"start":{"line":123,"column":4},"end":{"line":123,"column":82}},{"start":{},"end":{}}],"line":123},"13":{"loc":{"start":{"line":125,"column":10},"end":{"line":129,"column":3}},"type":"if","locations":[{"start":{"line":125,"column":10},"end":{"line":129,"column":3}},{"start":{},"end":{}}],"line":125},"14":{"loc":{"start":{"line":126,"column":4},"end":{"line":128,"column":5}},"type":"if","locations":[{"start":{"line":126,"column":4},"end":{"line":128,"column":5}},{"start":{},"end":{}}],"line":126},"15":{"loc":{"start":{"line":132,"column":4},"end":{"line":132,"column":68}},"type":"if","locations":[{"start":{"line":132,"column":4},"end":{"line":132,"column":68}},{"start":{},"end":{}}],"line":132},"16":{"loc":{"start":{"line":135,"column":13},"end":{"line":135,"column":33}},"type":"binary-expr","locations":[{"start":{"line":135,"column":13},"end":{"line":135,"column":18}},{"start":{"line":135,"column":22},"end":{"line":135,"column":33}}],"line":135},"17":{"loc":{"start":{"line":136,"column":12},"end":{"line":136,"column":30}},"type":"binary-expr","locations":[{"start":{"line":136,"column":12},"end":{"line":136,"column":16}},{"start":{"line":136,"column":20},"end":{"line":136,"column":30}}],"line":136},"18":{"loc":{"start":{"line":137,"column":16},"end":{"line":137,"column":42}},"type":"binary-expr","locations":[{"start":{"line":137,"column":16},"end":{"line":137,"column":24}},{"start":{"line":137,"column":28},"end":{"line":137,"column":42}}],"line":137},"19":{"loc":{"start":{"line":138,"column":14},"end":{"line":138,"column":36}},"type":"binary-expr","locations":[{"start":{"line":138,"column":14},"end":{"line":138,"column":20}},{"start":{"line":138,"column":24},"end":{"line":138,"column":36}}],"line":138},"20":{"loc":{"start":{"line":139,"column":16},"end":{"line":139,"column":42}},"type":"binary-expr","locations":[{"start":{"line":139,"column":16},"end":{"line":139,"column":24}},{"start":{"line":139,"column":28},"end":{"line":139,"column":42}}],"line":139},"21":{"loc":{"start":{"line":140,"column":16},"end":{"line":140,"column":42}},"type":"binary-expr","locations":[{"start":{"line":140,"column":16},"end":{"line":140,"column":24}},{"start":{"line":140,"column":28},"end":{"line":140,"column":42}}],"line":140},"22":{"loc":{"start":{"line":141,"column":12},"end":{"line":141,"column":30}},"type":"binary-expr","locations":[{"start":{"line":141,"column":12},"end":{"line":141,"column":16}},{"start":{"line":141,"column":20},"end":{"line":141,"column":30}}],"line":141},"23":{"loc":{"start":{"line":161,"column":4},"end":{"line":161,"column":84}},"type":"if","locations":[{"start":{"line":161,"column":4},"end":{"line":161,"column":84}},{"start":{},"end":{}}],"line":161},"24":{"loc":{"start":{"line":162,"column":0},"end":{"line":166,"column":3}},"type":"if","locations":[{"start":{"line":162,"column":0},"end":{"line":166,"column":3}},{"start":{},"end":{}}],"line":162},"25":{"loc":{"start":{"line":163,"column":4},"end":{"line":165,"column":5}},"type":"if","locations":[{"start":{"line":163,"column":4},"end":{"line":165,"column":5}},{"start":{},"end":{}}],"line":163},"26":{"loc":{"start":{"line":182,"column":4},"end":{"line":184,"column":5}},"type":"if","locations":[{"start":{"line":182,"column":4},"end":{"line":184,"column":5}},{"start":{},"end":{}}],"line":182},"27":{"loc":{"start":{"line":187,"column":4},"end":{"line":187,"column":89}},"type":"if","locations":[{"start":{"line":187,"column":4},"end":{"line":187,"column":89}},{"start":{},"end":{}}],"line":187},"28":{"loc":{"start":{"line":203,"column":12},"end":{"line":203,"column":20}},"type":"default-arg","locations":[{"start":{"line":203,"column":19},"end":{"line":203,"column":20}}],"line":203},"29":{"loc":{"start":{"line":203,"column":22},"end":{"line":203,"column":32}},"type":"default-arg","locations":[{"start":{"line":203,"column":30},"end":{"line":203,"column":32}}],"line":203},"30":{"loc":{"start":{"line":212,"column":4},"end":{"line":212,"column":32}},"type":"if","locations":[{"start":{"line":212,"column":4},"end":{"line":212,"column":32}},{"start":{},"end":{}}],"line":212},"31":{"loc":{"start":{"line":213,"column":4},"end":{"line":213,"column":60}},"type":"if","locations":[{"start":{"line":213,"column":4},"end":{"line":213,"column":60}},{"start":{},"end":{}}],"line":213},"32":{"loc":{"start":{"line":234,"column":12},"end":{"line":234,"column":20}},"type":"default-arg","locations":[{"start":{"line":234,"column":19},"end":{"line":234,"column":20}}],"line":234},"33":{"loc":{"start":{"line":234,"column":22},"end":{"line":234,"column":32}},"type":"default-arg","locations":[{"start":{"line":234,"column":30},"end":{"line":234,"column":32}}],"line":234},"34":{"loc":{"start":{"line":243,"column":4},"end":{"line":243,"column":32}},"type":"if","locations":[{"start":{"line":243,"column":4},"end":{"line":243,"column":32}},{"start":{},"end":{}}],"line":243},"35":{"loc":{"start":{"line":244,"column":4},"end":{"line":244,"column":60}},"type":"if","locations":[{"start":{"line":244,"column":4},"end":{"line":244,"column":60}},{"start":{},"end":{}}],"line":244}},"s":{"0":1,"1":1,"2":1,"3":1,"4":1,"5":1,"6":1,"7":1,"8":1,"9":1,"10":1,"11":0,"12":0,"13":1,"14":1,"15":1,"16":1,"17":1,"18":1,"19":0,"20":1,"21":0,"22":1,"23":0,"24":1,"25":0,"26":0,"27":0,"28":0,"29":0,"30":1,"31":1,"32":1,"33":0,"34":0,"35":1,"36":1,"37":0,"38":0,"39":1,"40":2,"41":2,"42":2,"43":0,"44":2,"45":2,"46":1,"47":1,"48":1,"49":0,"50":1,"51":1,"52":0,"53":0,"54":1,"55":1,"56":1,"57":1,"58":0,"59":1,"60":1,"61":0,"62":1,"63":1,"64":1,"65":1,"66":0,"67":0,"68":1,"69":1,"70":1,"71":1,"72":1,"73":0,"74":1,"75":1,"76":0,"77":1,"78":1,"79":1,"80":0,"81":0,"82":1,"83":1,"84":1,"85":1,"86":1,"87":1,"88":0,"89":1,"90":0,"91":1,"92":1,"93":0,"94":0,"95":1,"96":1,"97":1,"98":1,"99":1,"100":1,"101":0,"102":1,"103":0,"104":1,"105":1,"106":0,"107":0},"f":{"0":1,"1":1,"2":2,"3":1,"4":1,"5":1,"6":1},"b":{"0":[0,1],"1":[1],"2":[1],"3":[0,1],"4":[0,1],"5":[0,1],"6":[0,1],"7":[1,1],"8":[0,0],"9":[0,0],"10":[0,1],"11":[0,0],"12":[0,2],"13":[2,0],"14":[1,1],"15":[0,1],"16":[1,0],"17":[1,1],"18":[1,1],"19":[1,1],"20":[1,1],"21":[1,1],"22":[1,1],"23":[0,1],"24":[1,0],"25":[0,1],"26":[0,1],"27":[0,1],"28":[1],"29":[1],"30":[0,1],"31":[0,1],"32":[1],"33":[1],"34":[0,1],"35":[0,1]},"_coverageSchema":"1a1c01bbd47fc00a2c39e90264f33305004495a9","hash":"79246820ffbee460ff346b0156e5179b563e06ad"}
,"C:\\Users\\shava\\favorite-movies\\backend\\src\\middlewares\\authMiddleware.js": {"path":"C:\\Users\\shava\\favorite-movies\\backend\\src\\middlewares\\authMiddleware.js","statementMap":{"0":{"start":{"line":1,"column":12},"end":{"line":1,"column":35}},"1":{"start":{"line":4,"column":0},"end":{"line":19,"column":2}},"2":{"start":{"line":5,"column":2},"end":{"line":18,"column":3}},"3":{"start":{"line":7,"column":18},"end":{"line":7,"column":82}},"4":{"start":{"line":8,"column":4},"end":{"line":8,"column":71}},"5":{"start":{"line":8,"column":16},"end":{"line":8,"column":71}},"6":{"start":{"line":11,"column":20},"end":{"line":11,"column":61}},"7":{"start":{"line":13,"column":4},"end":{"line":13,"column":23}},"8":{"start":{"line":15,"column":4},"end":{"line":15,"column":11}},"9":{"start":{"line":17,"column":4},"end":{"line":17,"column":53}},"10":{"start":{"line":21,"column":0},"end":{"line":41,"column":2}},"11":{"start":{"line":22,"column":2},"end":{"line":40,"column":3}},"12":{"start":{"line":23,"column":18},"end":{"line":23,"column":82}},"13":{"start":{"line":24,"column":4},"end":{"line":26,"column":5}},"14":{"start":{"line":25,"column":6},"end":{"line":25,"column":61}},"15":{"start":{"line":29,"column":20},"end":{"line":29,"column":61}},"16":{"start":{"line":30,"column":4},"end":{"line":30,"column":23}},"17":{"start":{"line":33,"column":4},"end":{"line":35,"column":5}},"18":{"start":{"line":34,"column":6},"end":{"line":34,"column":62}},"19":{"start":{"line":37,"column":4},"end":{"line":37,"column":11}},"20":{"start":{"line":39,"column":4},"end":{"line":39,"column":60}}},"fnMap":{"0":{"name":"(anonymous_0)","decl":{"start":{"line":4,"column":32},"end":{"line":4,"column":33}},"loc":{"start":{"line":4,"column":52},"end":{"line":19,"column":1}},"line":4},"1":{"name":"(anonymous_1)","decl":{"start":{"line":21,"column":33},"end":{"line":21,"column":34}},"loc":{"start":{"line":21,"column":53},"end":{"line":41,"column":1}},"line":21}},"branchMap":{"0":{"loc":{"start":{"line":7,"column":18},"end":{"line":7,"column":82}},"type":"binary-expr","locations":[{"start":{"line":7,"column":18},"end":{"line":7,"column":35}},{"start":{"line":7,"column":39},"end":{"line":7,"column":82}}],"line":7},"1":{"loc":{"start":{"line":8,"column":4},"end":{"line":8,"column":71}},"type":"if","locations":[{"start":{"line":8,"column":4},"end":{"line":8,"column":71}},{"start":{},"end":{}}],"line":8},"2":{"loc":{"start":{"line":23,"column":18},"end":{"line":23,"column":82}},"type":"binary-expr","locations":[{"start":{"line":23,"column":18},"end":{"line":23,"column":35}},{"start":{"line":23,"column":39},"end":{"line":23,"column":82}}],"line":23},"3":{"loc":{"start":{"line":24,"column":4},"end":{"line":26,"column":5}},"type":"if","locations":[{"start":{"line":24,"column":4},"end":{"line":26,"column":5}},{"start":{},"end":{}}],"line":24},"4":{"loc":{"start":{"line":33,"column":4},"end":{"line":35,"column":5}},"type":"if","locations":[{"start":{"line":33,"column":4},"end":{"line":35,"column":5}},{"start":{},"end":{}}],"line":33},"5":{"loc":{"start":{"line":33,"column":8},"end":{"line":33,"column":46}},"type":"binary-expr","locations":[{"start":{"line":33,"column":8},"end":{"line":33,"column":17}},{"start":{"line":33,"column":21},"end":{"line":33,"column":46}}],"line":33}},"s":{"0":1,"1":1,"2":3,"3":3,"4":3,"5":1,"6":2,"7":1,"8":1,"9":1,"10":1,"11":4,"12":4,"13":4,"14":1,"15":3,"16":2,"17":2,"18":1,"19":1,"20":1},"f":{"0":3,"1":4},"b":{"0":[3,3],"1":[1,2],"2":[4,4],"3":[1,3],"4":[1,1],"5":[2,2]},"_coverageSchema":"1a1c01bbd47fc00a2c39e90264f33305004495a9","hash":"3d476e4ec10167d29c8dbee6dcf0436565b795ad"}
,"C:\\Users\\shava\\favorite-movies\\backend\\src\\models\\index.js": {"path":"C:\\Users\\shava\\favorite-movies\\backend\\src\\models\\index.js","statementMap":{"0":{"start":{"line":3,"column":11},"end":{"line":3,"column":24}},"1":{"start":{"line":4,"column":13},"end":{"line":4,"column":28}},"2":{"start":{"line":5,"column":33},"end":{"line":5,"column":53}},"3":{"start":{"line":6,"column":0},"end":{"line":6,"column":27}},"4":{"start":{"line":8,"column":17},"end":{"line":8,"column":42}},"5":{"start":{"line":9,"column":11},"end":{"line":9,"column":13}},"6":{"start":{"line":11,"column":18},"end":{"line":20,"column":1}},"7":{"start":{"line":23,"column":0},"end":{"line":34,"column":5}},"8":{"start":{"line":25,"column":4},"end":{"line":29,"column":6}},"9":{"start":{"line":32,"column":18},"end":{"line":32,"column":75}},"10":{"start":{"line":33,"column":4},"end":{"line":33,"column":27}},"11":{"start":{"line":37,"column":0},"end":{"line":41,"column":3}},"12":{"start":{"line":38,"column":2},"end":{"line":40,"column":3}},"13":{"start":{"line":39,"column":4},"end":{"line":39,"column":32}},"14":{"start":{"line":43,"column":0},"end":{"line":43,"column":25}},"15":{"start":{"line":44,"column":0},"end":{"line":44,"column":25}},"16":{"start":{"line":46,"column":0},"end":{"line":46,"column":20}}},"fnMap":{"0":{"name":"(anonymous_0)","decl":{"start":{"line":24,"column":10},"end":{"line":24,"column":11}},"loc":{"start":{"line":24,"column":18},"end":{"line":30,"column":3}},"line":24},"1":{"name":"(anonymous_1)","decl":{"start":{"line":31,"column":11},"end":{"line":31,"column":12}},"loc":{"start":{"line":31,"column":19},"end":{"line":34,"column":3}},"line":31},"2":{"name":"(anonymous_2)","decl":{"start":{"line":37,"column":24},"end":{"line":37,"column":25}},"loc":{"start":{"line":37,"column":37},"end":{"line":41,"column":1}},"line":37}},"branchMap":{"0":{"loc":{"start":{"line":26,"column":6},"end":{"line":28,"column":30}},"type":"binary-expr","locations":[{"start":{"line":26,"column":6},"end":{"line":26,"column":29}},{"start":{"line":27,"column":6},"end":{"line":27,"column":23}},{"start":{"line":28,"column":6},"end":{"line":28,"column":30}}],"line":26},"1":{"loc":{"start":{"line":38,"column":2},"end":{"line":40,"column":3}},"type":"if","locations":[{"start":{"line":38,"column":2},"end":{"line":40,"column":3}},{"start":{},"end":{}}],"line":38}},"s":{"0":1,"1":1,"2":1,"3":1,"4":1,"5":1,"6":1,"7":1,"8":3,"9":2,"10":2,"11":1,"12":2,"13":2,"14":1,"15":1,"16":1},"f":{"0":3,"1":2,"2":2},"b":{"0":[3,3,2],"1":[2,0]},"_coverageSchema":"1a1c01bbd47fc00a2c39e90264f33305004495a9","hash":"43088b6c1da1f858a6cdd9d13d11b5297d7bbf11"}
,"C:\\Users\\shava\\favorite-movies\\backend\\src\\models\\movie.js": {"path":"C:\\Users\\shava\\favorite-movies\\backend\\src\\models\\movie.js","statementMap":{"0":{"start":{"line":4,"column":4},"end":{"line":4,"column":24}},"1":{"start":{"line":5,"column":0},"end":{"line":45,"column":2}},"2":{"start":{"line":14,"column":8},"end":{"line":14,"column":62}},"3":{"start":{"line":17,"column":2},"end":{"line":43,"column":5}},"4":{"start":{"line":44,"column":2},"end":{"line":44,"column":15}}},"fnMap":{"0":{"name":"(anonymous_0)","decl":{"start":{"line":5,"column":17},"end":{"line":5,"column":18}},"loc":{"start":{"line":5,"column":43},"end":{"line":45,"column":1}},"line":5},"1":{"name":"(anonymous_1)","decl":{"start":{"line":12,"column":4},"end":{"line":12,"column":5}},"loc":{"start":{"line":12,"column":29},"end":{"line":15,"column":5}},"line":12}},"branchMap":{},"s":{"0":1,"1":1,"2":1,"3":1,"4":1},"f":{"0":1,"1":1},"b":{},"_coverageSchema":"1a1c01bbd47fc00a2c39e90264f33305004495a9","hash":"435b3dc48323ee3addb11ba7565df7fe046aad5e"}
,"C:\\Users\\shava\\favorite-movies\\backend\\src\\models\\user.js": {"path":"C:\\Users\\shava\\favorite-movies\\backend\\src\\models\\user.js","statementMap":{"0":{"start":{"line":2,"column":18},"end":{"line":2,"column":38}},"1":{"start":{"line":4,"column":0},"end":{"line":28,"column":2}},"2":{"start":{"line":6,"column":32},"end":{"line":6,"column":85}},"3":{"start":{"line":8,"column":2},"end":{"line":26,"column":4}},"4":{"start":{"line":27,"column":2},"end":{"line":27,"column":14}}},"fnMap":{"0":{"name":"(anonymous_0)","decl":{"start":{"line":4,"column":17},"end":{"line":4,"column":18}},"loc":{"start":{"line":4,"column":43},"end":{"line":28,"column":1}},"line":4},"1":{"name":"(anonymous_1)","decl":{"start":{"line":6,"column":4},"end":{"line":6,"column":5}},"loc":{"start":{"line":6,"column":29},"end":{"line":6,"column":86}},"line":6}},"branchMap":{},"s":{"0":1,"1":1,"2":1,"3":1,"4":1},"f":{"0":1,"1":1},"b":{},"_coverageSchema":"1a1c01bbd47fc00a2c39e90264f33305004495a9","hash":"4c322ca01a024c1b9bf48c1e4fdf4d908dfa4a22"}
,"C:\\Users\\shava\\favorite-movies\\backend\\src\\routes\\adminRoutes.js": {"path":"C:\\Users\\shava\\favorite-movies\\backend\\src\\routes\\adminRoutes.js","statementMap":{"0":{"start":{"line":1,"column":16},"end":{"line":1,"column":34}},"1":{"start":{"line":2,"column":15},"end":{"line":2,"column":31}},"2":{"start":{"line":3,"column":53},"end":{"line":3,"column":94}},"3":{"start":{"line":4,"column":27},"end":{"line":4,"column":67}},"4":{"start":{"line":5,"column":28},"end":{"line":5,"column":68}},"5":{"start":{"line":8,"column":0},"end":{"line":8,"column":81}},"6":{"start":{"line":9,"column":0},"end":{"line":9,"column":81}},"7":{"start":{"line":10,"column":0},"end":{"line":10,"column":64}},"8":{"start":{"line":12,"column":0},"end":{"line":12,"column":24}}},"fnMap":{},"branchMap":{},"s":{"0":1,"1":1,"2":1,"3":1,"4":1,"5":1,"6":1,"7":1,"8":1},"f":{},"b":{},"_coverageSchema":"1a1c01bbd47fc00a2c39e90264f33305004495a9","hash":"892fe9e84e839a8f6271257a06bd75db0440e4e0"}
,"C:\\Users\\shava\\favorite-movies\\backend\\src\\routes\\authRoutes.js": {"path":"C:\\Users\\shava\\favorite-movies\\backend\\src\\routes\\authRoutes.js","statementMap":{"0":{"start":{"line":1,"column":16},"end":{"line":1,"column":34}},"1":{"start":{"line":2,"column":15},"end":{"line":2,"column":31}},"2":{"start":{"line":3,"column":23},"end":{"line":3,"column":63}},"3":{"start":{"line":5,"column":0},"end":{"line":5,"column":50}},"4":{"start":{"line":6,"column":0},"end":{"line":6,"column":44}},"5":{"start":{"line":7,"column":0},"end":{"line":7,"column":46}},"6":{"start":{"line":8,"column":0},"end":{"line":8,"column":42}},"7":{"start":{"line":10,"column":0},"end":{"line":10,"column":24}}},"fnMap":{},"branchMap":{},"s":{"0":1,"1":1,"2":1,"3":1,"4":1,"5":1,"6":1,"7":1},"f":{},"b":{},"_coverageSchema":"1a1c01bbd47fc00a2c39e90264f33305004495a9","hash":"914272ff92762a4edf98043eadbea6f8d70fa070"}
,"C:\\Users\\shava\\favorite-movies\\backend\\src\\routes\\movieRoutes.js": {"path":"C:\\Users\\shava\\favorite-movies\\backend\\src\\routes\\movieRoutes.js","statementMap":{"0":{"start":{"line":1,"column":15},"end":{"line":1,"column":33}},"1":{"start":{"line":2,"column":15},"end":{"line":2,"column":31}},"2":{"start":{"line":3,"column":15},"end":{"line":3,"column":42}},"3":{"start":{"line":4,"column":101},"end":{"line":4,"column":145}},"4":{"start":{"line":5,"column":43},"end":{"line":5,"column":83}},"5":{"start":{"line":11,"column":0},"end":{"line":11,"column":74}},"6":{"start":{"line":12,"column":0},"end":{"line":12,"column":41}},"7":{"start":{"line":13,"column":0},"end":{"line":13,"column":49}},"8":{"start":{"line":14,"column":0},"end":{"line":14,"column":49}},"9":{"start":{"line":15,"column":0},"end":{"line":15,"column":49}},"10":{"start":{"line":16,"column":0},"end":{"line":16,"column":69}},"11":{"start":{"line":17,"column":0},"end":{"line":17,"column":65}},"12":{"start":{"line":19,"column":0},"end":{"line":19,"column":24}}},"fnMap":{},"branchMap":{},"s":{"0":1,"1":1,"2":1,"3":1,"4":1,"5":1,"6":1,"7":1,"8":1,"9":1,"10":1,"11":1,"12":1},"f":{},"b":{},"_coverageSchema":"1a1c01bbd47fc00a2c39e90264f33305004495a9","hash":"f4c32282db727a17073b4a7496d964cfcc98a3d9"}
,"C:\\Users\\shava\\favorite-movies\\backend\\src\\validation\\movieValidation.js": {"path":"C:\\Users\\shava\\favorite-movies\\backend\\src\\validation\\movieValidation.js","statementMap":{"0":{"start":{"line":2,"column":14},"end":{"line":2,"column":28}},"1":{"start":{"line":4,"column":20},"end":{"line":12,"column":2}},"2":{"start":{"line":14,"column":0},"end":{"line":14,"column":33}}},"fnMap":{},"branchMap":{},"s":{"0":1,"1":1,"2":1},"f":{},"b":{},"_coverageSchema":"1a1c01bbd47fc00a2c39e90264f33305004495a9","hash":"b45dc4b82d3df9d843bc83009fb34cfdc56d2f81"}
}
