TN:
SF:src\controllers\adminController.js
FN:4,(anonymous_0)
FN:14,(anonymous_1)
FN:30,(anonymous_2)
FNF:3
FNH:3
FNDA:2,(anonymous_0)
FNDA:3,(anonymous_1)
FNDA:2,(anonymous_2)
DA:1,1
DA:4,1
DA:5,2
DA:6,2
DA:7,1
DA:9,1
DA:14,1
DA:15,3
DA:16,3
DA:17,3
DA:18,2
DA:20,1
DA:21,1
DA:23,1
DA:25,1
DA:30,1
DA:31,2
DA:32,2
DA:33,1
DA:35,1
DA:36,1
LF:21
LH:21
BRDA:18,0,0,1
BRDA:18,0,1,1
BRF:2
BRH:2
end_of_record
TN:
SF:src\controllers\authController.js
FN:5,(anonymous_0)
FN:26,(anonymous_1)
FN:59,(anonymous_2)
FN:63,(anonymous_3)
FNF:4
FNH:4
FNDA:2,(anonymous_0)
FNDA:3,(anonymous_1)
FNDA:1,(anonymous_2)
FNDA:3,(anonymous_3)
DA:1,1
DA:2,1
DA:3,1
DA:4,1
DA:5,1
DA:6,2
DA:7,2
DA:10,2
DA:13,2
DA:20,1
DA:22,1
DA:26,1
DA:27,3
DA:28,3
DA:31,3
DA:32,3
DA:35,2
DA:36,2
DA:39,1
DA:46,1
DA:54,1
DA:56,0
DA:59,1
DA:60,1
DA:61,1
DA:63,1
DA:64,3
DA:66,3
DA:68,2
DA:69,2
DA:70,1
DA:73,1
LF:32
LH:31
BRDA:32,0,0,1
BRDA:32,0,1,2
BRDA:36,1,0,1
BRDA:36,1,1,1
BRDA:66,2,0,1
BRDA:66,2,1,2
BRF:6
BRH:6
end_of_record
TN:
SF:src\controllers\movieController.js
FN:10,(anonymous_0)
FN:51,(anonymous_1)
FN:120,(anonymous_2)
FN:158,(anonymous_3)
FN:177,(anonymous_4)
FN:201,(anonymous_5)
FN:232,(anonymous_6)
FNF:7
FNH:7
FNDA:1,(anonymous_0)
FNDA:1,(anonymous_1)
FNDA:2,(anonymous_2)
FNDA:1,(anonymous_3)
FNDA:1,(anonymous_4)
FNDA:1,(anonymous_5)
FNDA:1,(anonymous_6)
DA:2,1
DA:3,1
DA:4,1
DA:10,1
DA:11,1
DA:12,1
DA:13,1
DA:14,1
DA:18,1
DA:20,1
DA:35,1
DA:40,0
DA:41,0
DA:51,1
DA:52,1
DA:62,1
DA:64,1
DA:65,1
DA:68,1
DA:69,0
DA:73,1
DA:76,1
DA:79,1
DA:80,0
DA:81,0
DA:82,0
DA:86,1
DA:94,1
DA:95,1
DA:96,0
DA:97,0
DA:100,1
DA:107,1
DA:112,0
DA:113,0
DA:120,1
DA:121,2
DA:122,2
DA:123,2
DA:125,2
DA:126,2
DA:127,1
DA:131,1
DA:132,1
DA:134,1
DA:147,1
DA:149,0
DA:150,0
DA:158,1
DA:159,1
DA:160,1
DA:161,1
DA:162,1
DA:163,1
DA:164,0
DA:167,1
DA:168,1
DA:169,1
DA:170,1
DA:172,0
DA:173,0
DA:177,1
DA:178,1
DA:179,1
DA:180,1
DA:182,1
DA:183,0
DA:186,1
DA:187,1
DA:189,1
DA:190,1
DA:192,1
DA:197,0
DA:198,0
DA:201,1
DA:202,1
DA:203,1
DA:204,1
DA:207,1
DA:212,1
DA:213,1
DA:215,1
DA:222,1
DA:227,0
DA:228,0
DA:232,1
DA:233,1
DA:234,1
DA:235,1
DA:238,1
DA:243,1
DA:244,1
DA:246,1
DA:253,1
DA:258,0
DA:259,0
LF:96
LH:74
BRDA:18,0,0,0
BRDA:18,0,1,1
BRDA:54,1,0,1
BRDA:55,2,0,1
BRDA:68,3,0,0
BRDA:68,3,1,1
BRDA:73,4,0,0
BRDA:73,4,1,1
BRDA:76,5,0,0
BRDA:76,5,1,1
BRDA:79,6,0,0
BRDA:79,6,1,1
BRDA:79,7,0,1
BRDA:79,7,1,1
BRDA:81,8,0,0
BRDA:81,8,1,0
BRDA:82,9,0,0
BRDA:82,9,1,0
BRDA:95,10,0,0
BRDA:95,10,1,1
BRDA:97,11,0,0
BRDA:97,11,1,0
BRDA:123,12,0,0
BRDA:123,12,1,2
BRDA:125,13,0,2
BRDA:125,13,1,0
BRDA:126,14,0,1
BRDA:126,14,1,1
BRDA:132,15,0,0
BRDA:132,15,1,1
BRDA:135,16,0,1
BRDA:135,16,1,0
BRDA:136,17,0,1
BRDA:136,17,1,1
BRDA:137,18,0,1
BRDA:137,18,1,1
BRDA:138,19,0,1
BRDA:138,19,1,1
BRDA:139,20,0,1
BRDA:139,20,1,1
BRDA:140,21,0,1
BRDA:140,21,1,1
BRDA:141,22,0,1
BRDA:141,22,1,1
BRDA:161,23,0,0
BRDA:161,23,1,1
BRDA:162,24,0,1
BRDA:162,24,1,0
BRDA:163,25,0,0
BRDA:163,25,1,1
BRDA:182,26,0,0
BRDA:182,26,1,1
BRDA:187,27,0,0
BRDA:187,27,1,1
BRDA:203,28,0,1
BRDA:203,29,0,1
BRDA:212,30,0,0
BRDA:212,30,1,1
BRDA:213,31,0,0
BRDA:213,31,1,1
BRDA:234,32,0,1
BRDA:234,33,0,1
BRDA:243,34,0,0
BRDA:243,34,1,1
BRDA:244,35,0,0
BRDA:244,35,1,1
BRF:66
BRH:41
end_of_record
TN:
SF:src\middlewares\authMiddleware.js
FN:4,(anonymous_0)
FN:21,(anonymous_1)
FNF:2
FNH:2
FNDA:3,(anonymous_0)
FNDA:4,(anonymous_1)
DA:1,1
DA:4,1
DA:5,3
DA:7,3
DA:8,3
DA:11,2
DA:13,1
DA:15,1
DA:17,1
DA:21,1
DA:22,4
DA:23,4
DA:24,4
DA:25,1
DA:29,3
DA:30,2
DA:33,2
DA:34,1
DA:37,1
DA:39,1
LF:20
LH:20
BRDA:7,0,0,3
BRDA:7,0,1,3
BRDA:8,1,0,1
BRDA:8,1,1,2
BRDA:23,2,0,4
BRDA:23,2,1,4
BRDA:24,3,0,1
BRDA:24,3,1,3
BRDA:33,4,0,1
BRDA:33,4,1,1
BRDA:33,5,0,2
BRDA:33,5,1,2
BRF:12
BRH:12
end_of_record
TN:
SF:src\models\index.js
FN:24,(anonymous_0)
FN:31,(anonymous_1)
FN:37,(anonymous_2)
FNF:3
FNH:3
FNDA:3,(anonymous_0)
FNDA:2,(anonymous_1)
FNDA:2,(anonymous_2)
DA:3,1
DA:4,1
DA:5,1
DA:6,1
DA:8,1
DA:9,1
DA:11,1
DA:23,1
DA:25,3
DA:32,2
DA:33,2
DA:37,1
DA:38,2
DA:39,2
DA:43,1
DA:44,1
DA:46,1
LF:17
LH:17
BRDA:26,0,0,3
BRDA:26,0,1,3
BRDA:26,0,2,2
BRDA:38,1,0,2
BRDA:38,1,1,0
BRF:5
BRH:4
end_of_record
TN:
SF:src\models\movie.js
FN:5,(anonymous_0)
FN:12,(anonymous_1)
FNF:2
FNH:2
FNDA:1,(anonymous_0)
FNDA:1,(anonymous_1)
DA:4,1
DA:5,1
DA:14,1
DA:17,1
DA:44,1
LF:5
LH:5
BRF:0
BRH:0
end_of_record
TN:
SF:src\models\user.js
FN:4,(anonymous_0)
FN:6,(anonymous_1)
FNF:2
FNH:2
FNDA:1,(anonymous_0)
FNDA:1,(anonymous_1)
DA:2,1
DA:4,1
DA:6,1
DA:8,1
DA:27,1
LF:5
LH:5
BRF:0
BRH:0
end_of_record
TN:
SF:src\routes\adminRoutes.js
FNF:0
FNH:0
DA:1,1
DA:2,1
DA:3,1
DA:4,1
DA:5,1
DA:8,1
DA:9,1
DA:10,1
DA:12,1
LF:9
LH:9
BRF:0
BRH:0
end_of_record
TN:
SF:src\routes\authRoutes.js
FNF:0
FNH:0
DA:1,1
DA:2,1
DA:3,1
DA:5,1
DA:6,1
DA:7,1
DA:8,1
DA:10,1
LF:8
LH:8
BRF:0
BRH:0
end_of_record
TN:
SF:src\routes\movieRoutes.js
FNF:0
FNH:0
DA:1,1
DA:2,1
DA:3,1
DA:4,1
DA:5,1
DA:11,1
DA:12,1
DA:13,1
DA:14,1
DA:15,1
DA:16,1
DA:17,1
DA:19,1
LF:13
LH:13
BRF:0
BRH:0
end_of_record
TN:
SF:src\validation\movieValidation.js
FNF:0
FNH:0
DA:2,1
DA:4,1
DA:14,1
LF:3
LH:3
BRF:0
BRH:0
end_of_record
